<?xml version="1.0" encoding="UTF-8"?>
<!-- Generated by org.testng.reporters.JUnitReportReporter -->
<testsuite skipped="0" hostname="mataraex-System-Product-Name" name="com.Matraex.MatraexWeb.MatraexWebsite.TestCases.TC_001" tests="1" failures="0" timestamp="2019-09-16T15:25:28 IST" time="8.397" errors="0">
  <testcase name="launch" time="8.397" classname="com.Matraex.MatraexWeb.MatraexWebsite.TestCases.TC_001"/>
</testsuite> <!-- com.Matraex.MatraexWeb.MatraexWebsite.TestCases.TC_001 -->
