<?xml version="1.0" encoding="UTF-8"?>
<!-- Generated by org.testng.reporters.JUnitReportReporter -->
<testsuite skipped="0" hostname="mataraex-System-Product-Name" name="com.Matraex.MatraexWeb.MatraexWebsite.Setup.Launch" tests="1" failures="0" timestamp="2019-09-09T18:42:50 IST" time="8.886" errors="0">
  <testcase name="launch" time="8.886" classname="com.Matraex.MatraexWeb.MatraexWebsite.Setup.Launch"/>
</testsuite> <!-- com.Matraex.MatraexWeb.MatraexWebsite.Setup.Launch -->
