<?xml version="1.0" encoding="UTF-8"?>
<!-- Generated by org.testng.reporters.JUnitReportReporter -->
<testsuite skipped="0" hostname="mataraex-System-Product-Name" name="com.Matraex.MatraexWeb.MatraexWebsite.TestCases.LaunchWebsite" tests="1" failures="0" timestamp="2019-09-17T17:38:27 IST" time="5.891" errors="0">
  <testcase name="launchUrl" time="5.891" classname="com.Matraex.MatraexWeb.MatraexWebsite.TestCases.LaunchWebsite"/>
</testsuite> <!-- com.Matraex.MatraexWeb.MatraexWebsite.TestCases.LaunchWebsite -->
