<?xml version="1.0" encoding="UTF-8"?>
<!-- Generated by org.testng.reporters.JUnitReportReporter -->
<testsuite skipped="0" hostname="mataraex-System-Product-Name" name="com.Matraex.MatraexWeb.MatraexWebsite.Launch" tests="1" failures="0" timestamp="2019-09-09T18:37:41 IST" time="9.986" errors="0">
  <testcase name="launch" time="9.986" classname="com.Matraex.MatraexWeb.MatraexWebsite.Launch"/>
</testsuite> <!-- com.Matraex.MatraexWeb.MatraexWebsite.Launch -->
