<?xml version="1.0" encoding="UTF-8"?>
<!-- Generated by org.testng.reporters.JUnitReportReporter -->
<testsuite skipped="0" hostname="mataraex-System-Product-Name" name="com.Matraex.MatraexWeb.MatraexWebsite.TestCases.LaunchWebsite" tests="2" failures="0" timestamp="2019-09-16T20:52:03 IST" time="7.907" errors="0">
  <testcase name="launch" time="7.898" classname="com.Matraex.MatraexWeb.MatraexWebsite.TestCases.LaunchWebsite"/>
  <testcase name="scrollDown" time="0.009" classname="com.Matraex.MatraexWeb.MatraexWebsite.TestCases.LaunchWebsite"/>
</testsuite> <!-- com.Matraex.MatraexWeb.MatraexWebsite.TestCases.LaunchWebsite -->
